[2021-01-29T20:27:20.007019+00:00] local.ERROR: Call to undefined method App\Services\Hash\GenerateHashServices::main() {"exception":"[object] (Error(code: 0): Call to undefined method App\\Services\\Hash\\GenerateHashServices::main() at /app/billing-bsides/app/Http/Middleware/RequestPreLoggerMiddleware.php:30)"} 
[2021-01-29T20:29:12.288832+00:00] local.ERROR: syntax error, unexpected end of file, expecting function (T_FUNCTION) or const (T_CONST) {"exception":"[object] (ParseError(code: 0): syntax error, unexpected end of file, expecting function (T_FUNCTION) or const (T_CONST) at /app/billing-bsides/app/Http/Middleware/CreateTDXMiddleware.php:30)"} 
[2021-01-29T20:31:01.918400+00:00] local.ERROR: syntax error, unexpected end of file, expecting function (T_FUNCTION) or const (T_CONST) {"exception":"[object] (ParseError(code: 0): syntax error, unexpected end of file, expecting function (T_FUNCTION) or const (T_CONST) at /app/billing-bsides/app/Http/Middleware/CreateTDXMiddleware.php:30)"} 
[2021-01-29T20:33:23.584360+00:00] local.ERROR: syntax error, unexpected end of file, expecting function (T_FUNCTION) or const (T_CONST) {"exception":"[object] (ParseError(code: 0): syntax error, unexpected end of file, expecting function (T_FUNCTION) or const (T_CONST) at /app/billing-bsides/app/Http/Middleware/CreateTDXMiddleware.php:33)"} 
[2021-01-29T20:33:39.700666+00:00] local.ERROR: syntax error, unexpected end of file, expecting function (T_FUNCTION) or const (T_CONST) {"exception":"[object] (ParseError(code: 0): syntax error, unexpected end of file, expecting function (T_FUNCTION) or const (T_CONST) at /app/billing-bsides/app/Http/Middleware/CreateTDXMiddleware.php:33)"} 
[2021-01-29T20:34:55.530070+00:00] local.ERROR: syntax error, unexpected end of file, expecting function (T_FUNCTION) or const (T_CONST) {"exception":"[object] (ParseError(code: 0): syntax error, unexpected end of file, expecting function (T_FUNCTION) or const (T_CONST) at /app/billing-bsides/app/Http/Middleware/CreateTDXMiddleware.php:33)"} 
[2021-01-29T20:34:58.341490+00:00] local.ERROR: syntax error, unexpected end of file, expecting function (T_FUNCTION) or const (T_CONST) {"exception":"[object] (ParseError(code: 0): syntax error, unexpected end of file, expecting function (T_FUNCTION) or const (T_CONST) at /app/billing-bsides/app/Http/Middleware/CreateTDXMiddleware.php:33)"} 
[2021-01-29T20:36:11.002704+00:00] local.ERROR: syntax error, unexpected end of file, expecting function (T_FUNCTION) or const (T_CONST) {"exception":"[object] (ParseError(code: 0): syntax error, unexpected end of file, expecting function (T_FUNCTION) or const (T_CONST) at /app/billing-bsides/app/Http/Middleware/CreateTDXMiddleware.php:33)"} 
[2021-01-29T20:36:49.630145+00:00] local.ERROR: syntax error, unexpected end of file, expecting function (T_FUNCTION) or const (T_CONST) {"exception":"[object] (ParseError(code: 0): syntax error, unexpected end of file, expecting function (T_FUNCTION) or const (T_CONST) at /app/billing-bsides/app/Http/Middleware/CreateTDXMiddleware.php:33)"} 
[2021-01-29T20:39:08.960986+00:00] local.ERROR: syntax error, unexpected end of file, expecting function (T_FUNCTION) or const (T_CONST) {"exception":"[object] (ParseError(code: 0): syntax error, unexpected end of file, expecting function (T_FUNCTION) or const (T_CONST) at /app/billing-bsides/app/Http/Middleware/CreateTDXMiddleware.php:33)"} 
[2021-01-29T20:39:10.130543+00:00] local.ERROR: syntax error, unexpected end of file, expecting function (T_FUNCTION) or const (T_CONST) {"exception":"[object] (ParseError(code: 0): syntax error, unexpected end of file, expecting function (T_FUNCTION) or const (T_CONST) at /app/billing-bsides/app/Http/Middleware/CreateTDXMiddleware.php:33)"} 
[2021-01-29T20:39:40.730563+00:00] local.ERROR: Class 'App\Http\Controllers\ReturnResponse' not found {"exception":"[object] (Error(code: 0): Class 'App\\Http\\Controllers\\ReturnResponse' not found at /app/billing-bsides/app/Http/Controllers/AuthController.php:107)"} 
[2021-01-29T20:59:46.869476+00:00] local.ERROR: Target class [App\Services\SendDataBuffer\Reports\EventsReportsServices] does not exist. {"exception":"[object] (Illuminate\\Contracts\\Container\\BindingResolutionException(code: 0): Target class [App\\Services\\SendDataBuffer\\Reports\\EventsReportsServices] does not exist. at /app/billing-bsides/vendor/illuminate/container/Container.php:832)
[previous exception] [object] (ReflectionException(code: -1): Class App\\Services\\SendDataBuffer\\Reports\\EventsReportsServices does not exist at /app/billing-bsides/vendor/illuminate/container/Container.php:830)"} 
[2021-01-29T21:02:37.084092+00:00] local.ERROR: Target class [App\Services\SendDataBuffer\Reports\EventsReportsServices] does not exist. {"exception":"[object] (Illuminate\\Contracts\\Container\\BindingResolutionException(code: 0): Target class [App\\Services\\SendDataBuffer\\Reports\\EventsReportsServices] does not exist. at /app/billing-bsides/vendor/illuminate/container/Container.php:832)
[previous exception] [object] (ReflectionException(code: -1): Class App\\Services\\SendDataBuffer\\Reports\\EventsReportsServices does not exist at /app/billing-bsides/vendor/illuminate/container/Container.php:830)"} 
[2021-01-29T21:03:11.231585+00:00] local.ERROR: Target class [App\Services\SendDataBuffer\Reports\EventsReportsServices] does not exist. {"exception":"[object] (Illuminate\\Contracts\\Container\\BindingResolutionException(code: 0): Target class [App\\Services\\SendDataBuffer\\Reports\\EventsReportsServices] does not exist. at /app/billing-bsides/vendor/illuminate/container/Container.php:832)
[previous exception] [object] (ReflectionException(code: -1): Class App\\Services\\SendDataBuffer\\Reports\\EventsReportsServices does not exist at /app/billing-bsides/vendor/illuminate/container/Container.php:830)"} 
[2021-01-29T21:06:20.353737+00:00] local.ERROR: Target class [App\Services\SendDataBuffer\Reports\EventsReportsServices] does not exist. {"exception":"[object] (Illuminate\\Contracts\\Container\\BindingResolutionException(code: 0): Target class [App\\Services\\SendDataBuffer\\Reports\\EventsReportsServices] does not exist. at /app/billing-bsides/vendor/illuminate/container/Container.php:832)
[previous exception] [object] (ReflectionException(code: -1): Class App\\Services\\SendDataBuffer\\Reports\\EventsReportsServices does not exist at /app/billing-bsides/vendor/illuminate/container/Container.php:830)"} 
[2021-01-29T21:07:49.825500+00:00] local.ERROR: syntax error, unexpected '\' (T_NS_SEPARATOR), expecting identifier (T_STRING) or '{' {"exception":"[object] (ParseError(code: 0): syntax error, unexpected '\\' (T_NS_SEPARATOR), expecting identifier (T_STRING) or '{' at /app/billing-bsides/app/Http/Requests/Base/EventBaseRequest.php:7)"} 
[2021-01-29T21:07:50.975929+00:00] local.ERROR: syntax error, unexpected '\' (T_NS_SEPARATOR), expecting identifier (T_STRING) or '{' {"exception":"[object] (ParseError(code: 0): syntax error, unexpected '\\' (T_NS_SEPARATOR), expecting identifier (T_STRING) or '{' at /app/billing-bsides/app/Http/Requests/Base/EventBaseRequest.php:7)"} 
[2021-01-29T21:07:51.768086+00:00] local.ERROR: syntax error, unexpected '\' (T_NS_SEPARATOR), expecting identifier (T_STRING) or '{' {"exception":"[object] (ParseError(code: 0): syntax error, unexpected '\\' (T_NS_SEPARATOR), expecting identifier (T_STRING) or '{' at /app/billing-bsides/app/Http/Requests/Base/EventBaseRequest.php:7)"} 
[2021-01-29T21:07:52.565140+00:00] local.ERROR: syntax error, unexpected '\' (T_NS_SEPARATOR), expecting identifier (T_STRING) or '{' {"exception":"[object] (ParseError(code: 0): syntax error, unexpected '\\' (T_NS_SEPARATOR), expecting identifier (T_STRING) or '{' at /app/billing-bsides/app/Http/Requests/Base/EventBaseRequest.php:7)"} 
[2021-01-29T21:07:53.301260+00:00] local.ERROR: syntax error, unexpected '\' (T_NS_SEPARATOR), expecting identifier (T_STRING) or '{' {"exception":"[object] (ParseError(code: 0): syntax error, unexpected '\\' (T_NS_SEPARATOR), expecting identifier (T_STRING) or '{' at /app/billing-bsides/app/Http/Requests/Base/EventBaseRequest.php:7)"} 
[2021-01-29T21:09:04.509246+00:00] local.ERROR: Target class [App\Services\SendDataBuffer\Reports\EventsReportsServices] does not exist. {"exception":"[object] (Illuminate\\Contracts\\Container\\BindingResolutionException(code: 0): Target class [App\\Services\\SendDataBuffer\\Reports\\EventsReportsServices] does not exist. at /app/billing-bsides/vendor/illuminate/container/Container.php:832)
[previous exception] [object] (ReflectionException(code: -1): Class App\\Services\\SendDataBuffer\\Reports\\EventsReportsServices does not exist at /app/billing-bsides/vendor/illuminate/container/Container.php:830)"} 
[2021-01-29T21:10:46.032910+00:00] local.ERROR: Target class [App\Services\SendDataBuffer\Reports\EventsReportsServices] does not exist. {"exception":"[object] (Illuminate\\Contracts\\Container\\BindingResolutionException(code: 0): Target class [App\\Services\\SendDataBuffer\\Reports\\EventsReportsServices] does not exist. at /app/billing-bsides/vendor/illuminate/container/Container.php:832)
[previous exception] [object] (ReflectionException(code: -1): Class App\\Services\\SendDataBuffer\\Reports\\EventsReportsServices does not exist at /app/billing-bsides/vendor/illuminate/container/Container.php:830)"} 
[2021-01-29T21:12:04.802597+00:00] local.ERROR: Target class [App\Http\Domains\EventDealLetterDomains] does not exist. {"exception":"[object] (Illuminate\\Contracts\\Container\\BindingResolutionException(code: 0): Target class [App\\Http\\Domains\\EventDealLetterDomains] does not exist. at /app/billing-bsides/vendor/illuminate/container/Container.php:832)
[previous exception] [object] (ReflectionException(code: -1): Class App\\Http\\Domains\\EventDealLetterDomains does not exist at /app/billing-bsides/vendor/illuminate/container/Container.php:830)"} 
[2021-01-29T21:16:17.187769+00:00] local.ERROR: App\Http\Requests\Base\EventBaseRequest::__invoke:ERROR VALIDATE FIELD [[]] 
[2021-01-29T21:16:17.189913+00:00] local.ERROR: App\Services\Response\ReturnResponseAuditServices::main:Exceptions, type not found ["Class 'Predis\\Client' not found"] 
[2021-01-29T21:16:17.190174+00:00] local.ERROR: Class 'Predis\Client' not found {"exception":"[object] (Exception(code: 409): Class 'Predis\\Client' not found at /app/billing-bsides/app/Services/Response/ReturnResponseAuditServices.php:66)"} 
[2021-01-29T22:13:59.108728+00:00] local.ERROR: App\Http\Requests\Base\EventBaseRequest::__invoke:ERROR VALIDATE FIELD [[]] 
[2021-01-29T22:13:59.111918+00:00] local.ERROR: App\Services\Response\ReturnResponseAuditServices::main:Exceptions, type not found ["No connections available in the pool"] 
[2021-01-29T22:13:59.116101+00:00] local.ERROR: No connections available in the pool {"exception":"[object] (Exception(code: 409): No connections available in the pool at /app/billing-bsides/app/Services/Response/ReturnResponseAuditServices.php:66)"} 
[2021-01-29T22:22:53.380197+00:00] local.ALERT: TDX-ID [  ] -- App\Services\Validator\FilterFieldsRequestServices::main [{"Validator":{"login":"The login field is required.","password":"The password field is required."}}] 
[2021-01-29T22:22:53.381195+00:00] local.ERROR: App\Http\Requests\Base\EventBaseRequest::__invoke:ERROR VALIDATE FIELD [{"login":"The login field is required.","password":"The password field is required."}] 
[2021-01-29T22:22:53.382180+00:00] local.INFO: TDX-ID [  ] -- App\Services\Response\ReturnResponseAuditServices::main [{"Response":{"login":"The login field is required.","password":"The password field is required."},"code":412}] 
[2021-01-29T22:24:00.309945+00:00] local.ALERT: TDX-ID [  ] -- App\Services\Validator\FilterFieldsRequestServices::main [{"Validator":{"login":"The login field is required.","password":"The password field is required."}}] 
[2021-01-29T22:24:00.310273+00:00] local.ERROR: App\Http\Requests\Base\EventBaseRequest::__invoke:ERROR VALIDATE FIELD [{"login":"The login field is required.","password":"The password field is required."}] 
[2021-01-29T22:24:00.310660+00:00] local.INFO: TDX-ID [  ] -- App\Services\Response\ReturnResponseAuditServices::main [{"Response":{"login":"The login field is required.","password":"The password field is required."},"code":412}] 
[2021-01-29T22:24:09.894904+00:00] local.ALERT: TDX-ID [  ] -- App\Services\Validator\FilterFieldsRequestServices::main [{"Validator":{"login":"The login field is required.","password":"The password field is required."}}] 
[2021-01-29T22:24:09.895193+00:00] local.ERROR: App\Http\Requests\Base\EventBaseRequest::__invoke:ERROR VALIDATE FIELD [{"login":"The login field is required.","password":"The password field is required."}] 
[2021-01-29T22:24:09.895575+00:00] local.INFO: TDX-ID [  ] -- App\Services\Response\ReturnResponseAuditServices::main [{"Response":{"login":"The login field is required.","password":"The password field is required."},"code":412}] 
[2021-01-29T22:25:04.192112+00:00] local.ALERT: TDX-ID [  ] -- App\Services\Validator\FilterFieldsRequestServices::main [{"Validator":{"login":"The login must be at least 8 characters.","password":"The password field is required."}}] 
[2021-01-29T22:25:04.192399+00:00] local.ERROR: App\Http\Requests\Base\EventBaseRequest::__invoke:ERROR VALIDATE FIELD [{"login":"The login must be at least 8 characters.","password":"The password field is required."}] 
[2021-01-29T22:25:04.192779+00:00] local.INFO: TDX-ID [  ] -- App\Services\Response\ReturnResponseAuditServices::main [{"Response":{"login":"The login must be at least 8 characters.","password":"The password field is required."},"code":412}] 
[2021-01-29T22:35:34.377553+00:00] local.ERROR: syntax error, unexpected ''/],' (T_ENCAPSED_AND_WHITESPACE) {"exception":"[object] (ParseError(code: 0): syntax error, unexpected ''/],' (T_ENCAPSED_AND_WHITESPACE) at /app/billing-bsides/app/Http/Requests/Validate/LoginUserRequest.php:21)"} 
